/mnt/hdd1tera/cds/XCELIUM1809/tools.lnx86/inca/bin/64bit/xmsim
Obtained 29 stack frames.
/mnt/hdd1tera/cds/XCELIUM1809/tools.lnx86/inca/bin/64bit/../../../lib/64bit/libcbreakpad.so(_Z13use_backtracev+0x9d) [0x7f7ad5f84239]
/mnt/hdd1tera/cds/XCELIUM1809/tools.lnx86/inca/bin/64bit/../../../lib/64bit/libcbreakpad.so(cbpad_generate_dump_on_demand+0x66) [0x7f7ad5f84555]
xmsim() [0x1365392]
xmsim(serror+0x95) [0x13660e5]
xmsim() [0x97e9d9]
/lib64/libpthread.so.0(+0xf5f0) [0x7f7ad70365f0]
xmsim() [0xa0157a]
xmsim() [0x9f8679]
xmsim() [0xaee915]
xmsim() [0xf74b0f]
xmsim() [0xf7cad9]
xmsim() [0xfb72ff]
xmsim(sslu_traverse_scopes+0xcf6) [0xb6a556]
xmsim(sslu_traverse_scopes+0x2240) [0xb6baa0]
xmsim() [0xf9549c]
xmsim() [0xfac3fd]
xmsim() [0x52bda5]
xmsim() [0x4a5939]
xmsim() [0x4a5fd9]
xmsim() [0x4a6249]
/lib64/libpthread.so.0(+0xf5f0) [0x7f7ad70365f0]
xmsim() [0x134cbd0]
/lib64/libpthread.so.0(+0xf5f0) [0x7f7ad70365f0]
xmsim() [0x1310380]
xmsim() [0x13106f4]
xmsim() [0x1310a4b]
xmsim() [0x942f89]
xmsim() [0x943140]
[0x56073bc]
