/mnt/hdd1tera/cds/XCELIUM1909/tools.lnx86/inca/bin/64bit/xmsim
Obtained 42 stack frames.
/mnt/hdd1tera/cds/XCELIUM1909/tools.lnx86/inca/bin/64bit/../../../lib/64bit/libcbreakpad.so(_Z13use_backtracev+0x9d) [0x7f4ddf0c8ae9]
/mnt/hdd1tera/cds/XCELIUM1909/tools.lnx86/inca/bin/64bit/../../../lib/64bit/libcbreakpad.so(cbpad_generate_dump_on_demand+0x66) [0x7f4ddf0c8e3c]
xmsim() [0x152b5a0]
xmsim(serror+0x95) [0x152cb35]
xmsim() [0x998979]
/lib64/libpthread.so.0(+0xf5f0) [0x7f4de017d5f0]
xmsim() [0xa1f062]
xmsim() [0xa16219]
xmsim() [0xb11461]
xmsim() [0x1081c2a]
xmsim() [0x108aa24]
xmsim() [0x10c86dc]
xmsim(sslu_traverse_scopes+0x567) [0xba5fb7]
xmsim(sslu_traverse_scopes+0xdb7) [0xba6807]
xmsim() [0x10aabf3]
xmsim() [0x10ca2b2]
xmsim() [0x53c06c]
xmsim() [0x4b1a8d]
xmsim() [0x4b2172]
xmsim() [0x4b23e2]
/lib64/libpthread.so.0(+0xf5f0) [0x7f4de017d5f0]
/lib64/libc.so.6(kill+0x7) [0x7f4ddf338607]
xmsim() [0x1159955]
xmsim() [0x4c4f6c]
xmsim(simcmd_run+0x737) [0x4c723a]
xmsim() [0x4c7aea]
xmsim() [0x8e4a91]
xmsim(TclInvokeStringCommand+0x76) [0xf0f3c6]
xmsim() [0xf14247]
xmsim() [0xf167da]
xmsim(Tcl_EvalEx+0x13) [0xf16c83]
xmsim() [0xf16e48]
xmsim() [0xf17099]
xmsim(Tcl_RecordAndEvalObj+0xb0) [0xfb7300]
xmsim(Tcl_RecordAndEval+0x37) [0xfb74e7]
xmsim() [0x8e946e]
xmsim() [0x4a0c76]
xmsim() [0x4afb73]
xmsim(ncmain+0x9c) [0x4a299f]
xmsim(main+0x10) [0x1cab2bc]
/lib64/libc.so.6(__libc_start_main+0xf5) [0x7f4ddf324505]
xmsim() [0x44177d]
